<?xml version="1.0" encoding="UTF-8"?>
<testsuite name="ru.netology.rest.MobileBankApiTestV4" tests="1" skipped="0" failures="0" errors="0" timestamp="2021-10-26T20:14:24" hostname="192.168.0.108" time="0.029">
  <properties/>
  <testcase name="shouldReturnDemoAccounts()" classname="ru.netology.rest.MobileBankApiTestV4" time="0.029"/>
  <system-out><![CDATA[]]></system-out>
  <system-err><![CDATA[]]></system-err>
</testsuite>
